🌸 预测追踪系统（完整版）
======================================================================
✅ 添加预测：NVDA
   买入价：$174.34
   卖出价：$211.04
   止损价：$168.83
   评分：76.5分

🔍 检查所有pending预测...
   总预测数：3
   待检查数：3
   ⚠️ NVDA 检查失败：Too Many Requests. Rate limited. Try after a while.
   ⚠️ NVDA 检查失败：Too Many Requests. Rate limited. Try after a while.
   ⚠️ NVDA 检查失败：Too Many Requests. Rate limited. Try after a while.

📊 本次检查结果：
   检查数量：0
   正确预测：0
   错误预测：0

🔍 检查所有pending预测...
   总预测数：3
   待检查数：3
   ⚠️ NVDA 检查失败：Too Many Requests. Rate limited. Try after a while.
   ⚠️ NVDA 检查失败：Too Many Requests. Rate limited. Try after a while.
   ⚠️ NVDA 检查失败：Too Many Requests. Rate limited. Try after a while.

📊 本次检查结果：
   检查数量：0
   正确预测：0
   错误预测：0

📄 每日报告生成完成

✅ 追踪系统测试完成
