2026-02-10 17:36:04,656 - __main__ - INFO - 🦐 虾虾自动交易系统初始化
2026-02-10 17:36:04,656 - __main__ - INFO -   模式: Paper Trading
2026-02-10 17:36:04,656 - __main__ - INFO -   买入阈值: 80分
2026-02-10 17:36:04,656 - __main__ - INFO -   监控股票: 15只
2026-02-10 17:36:04,657 - __main__ - INFO - 🔄 连接IBKR (端口 7497)...
2026-02-10 17:36:04,657 - ib_insync.client - INFO - Connecting to 127.0.0.1:7497 with clientId 2...
2026-02-10 17:36:04,657 - ib_insync.client - INFO - Connected
2026-02-10 17:36:04,660 - ib_insync.client - INFO - Logged on to server version 176
2026-02-10 17:36:04,661 - ib_insync.client - INFO - API connection ready
2026-02-10 17:36:04,661 - ib_insync.wrapper - INFO - Warning 2104, reqId -1: \u5e02\u573a\u6570\u636e\u573a\u8fde\u63a5\u6b63\u5e38:hfarm
2026-02-10 17:36:04,661 - ib_insync.wrapper - INFO - Warning 2104, reqId -1: \u5e02\u573a\u6570\u636e\u573a\u8fde\u63a5\u6b63\u5e38:usfarm
2026-02-10 17:36:04,662 - ib_insync.wrapper - INFO - Warning 2107, reqId -1: \u5386\u53f2\u5e02\u573a\u6570\u636e\u573a\u8fde\u63a5\u6682\u672a\u6fc0\u6d3b\uff0c\u4f46\u53ef\u6309\u9700\u63d0\u4f9b\u3002:apachmds
2026-02-10 17:36:04,662 - ib_insync.wrapper - INFO - Warning 2158, reqId -1: Sec-def\u6570\u636e\u573a\u8fde\u63a5\u6b63\u5e38:secdefhk
2026-02-10 17:36:05,163 - ib_insync.ib - INFO - Synchronization complete
2026-02-10 17:36:05,163 - __main__ - INFO - ✅ 连接成功! 账户: ['DUE995833']
2026-02-10 17:36:05,163 - __main__ - INFO - ======================================================================
2026-02-10 17:36:05,163 - __main__ - INFO - 🦐 开始每日扫描交易
2026-02-10 17:36:05,163 - __main__ - INFO - ======================================================================
2026-02-10 17:36:05,343 - __main__ - INFO - 💰 可用资金: $1,040,782.30
2026-02-10 17:36:05,343 - __main__ - INFO - 📈 当前持仓: 0只 set()
2026-02-10 17:36:05,343 - __main__ - INFO - 
🔍 扫描 NVDA...
2026-02-10 17:36:09,240 - __main__ - INFO -   评分: 68.04/100
2026-02-10 17:36:09,240 - __main__ - INFO -   ⏭️ 评分68.04，无信号
2026-02-10 17:36:09,240 - __main__ - INFO - 
🔍 扫描 AMD...
2026-02-10 17:36:11,965 - __main__ - INFO -   评分: 61.79/100
2026-02-10 17:36:11,966 - __main__ - INFO -   ⏭️ 评分61.79，无信号
2026-02-10 17:36:11,966 - __main__ - INFO - 
🔍 扫描 TSLA...
2026-02-10 17:36:14,784 - __main__ - INFO -   评分: 56.04/100
2026-02-10 17:36:14,784 - __main__ - INFO -   ⏭️ 评分56.04，无信号
2026-02-10 17:36:14,784 - __main__ - INFO - 
🔍 扫描 AAPL...
2026-02-10 17:36:17,791 - __main__ - INFO -   评分: 63.66/100
2026-02-10 17:36:17,791 - __main__ - INFO -   ⏭️ 评分63.66，无信号
2026-02-10 17:36:17,791 - __main__ - INFO - 
🔍 扫描 MSFT...
2026-02-10 17:36:20,559 - __main__ - INFO -   评分: 65.66/100
2026-02-10 17:36:20,559 - __main__ - INFO -   ⏭️ 评分65.66，无信号
2026-02-10 17:36:20,559 - __main__ - INFO - 
🔍 扫描 AVGO...
2026-02-10 17:36:23,273 - __main__ - INFO -   评分: 62.54/100
2026-02-10 17:36:23,274 - __main__ - INFO -   ⏭️ 评分62.54，无信号
2026-02-10 17:36:23,274 - __main__ - INFO - 
🔍 扫描 SMCI...
2026-02-10 17:36:26,210 - __main__ - INFO -   评分: 64.85/100
2026-02-10 17:36:26,210 - __main__ - INFO -   ⏭️ 评分64.85，无信号
2026-02-10 17:36:26,210 - __main__ - INFO - 
🔍 扫描 CRWV...
2026-02-10 17:46:02,314 - __main__ - INFO - 🦐 虾虾自动交易系统初始化
2026-02-10 17:46:02,314 - __main__ - INFO -   模式: Paper Trading
2026-02-10 17:46:02,314 - __main__ - INFO -   买入阈值: 80分
2026-02-10 17:46:02,314 - __main__ - INFO -   监控股票: 15只
2026-02-10 17:46:02,314 - __main__ - INFO - 🔄 连接IBKR (端口 7497)...
2026-02-10 17:46:02,314 - ib_insync.client - INFO - Connecting to 127.0.0.1:7497 with clientId 2...
2026-02-10 17:46:02,315 - ib_insync.client - INFO - Connected
2026-02-10 17:46:02,320 - ib_insync.client - INFO - Logged on to server version 176
2026-02-10 17:46:02,324 - ib_insync.client - INFO - API connection ready
2026-02-10 17:46:02,324 - ib_insync.wrapper - INFO - Warning 2104, reqId -1: \u5e02\u573a\u6570\u636e\u573a\u8fde\u63a5\u6b63\u5e38:hfarm
2026-02-10 17:46:02,324 - ib_insync.wrapper - INFO - Warning 2107, reqId -1: \u5386\u53f2\u5e02\u573a\u6570\u636e\u573a\u8fde\u63a5\u6682\u672a\u6fc0\u6d3b\uff0c\u4f46\u53ef\u6309\u9700\u63d0\u4f9b\u3002:apachmds
2026-02-10 17:46:02,324 - ib_insync.wrapper - INFO - Warning 2158, reqId -1: Sec-def\u6570\u636e\u573a\u8fde\u63a5\u6b63\u5e38:secdefhk
2026-02-10 17:46:02,825 - ib_insync.ib - INFO - Synchronization complete
2026-02-10 17:46:02,825 - __main__ - INFO - ✅ 连接成功! 账户: ['DUE995833']
2026-02-10 17:46:02,825 - __main__ - INFO - ======================================================================
2026-02-10 17:46:02,825 - __main__ - INFO - 🦐 开始每日扫描交易
2026-02-10 17:46:02,825 - __main__ - INFO - ======================================================================
2026-02-10 17:46:02,990 - __main__ - INFO - 💰 可用资金: $1,040,782.30
2026-02-10 17:46:02,990 - __main__ - INFO - 📈 当前持仓: 0只 set()
2026-02-10 17:46:02,990 - __main__ - INFO - 
🔍 扫描 NVDA...
2026-02-10 17:46:03,035 - __main__ - WARNING -   ⚠️ 无法获取 NVDA 评分
2026-02-10 17:46:03,035 - __main__ - INFO - 
🔍 扫描 AMD...
2026-02-10 17:46:03,061 - __main__ - WARNING -   ⚠️ 无法获取 AMD 评分
2026-02-10 17:46:03,061 - __main__ - INFO - 
🔍 扫描 TSLA...
2026-02-10 17:46:03,082 - __main__ - WARNING -   ⚠️ 无法获取 TSLA 评分
2026-02-10 17:46:03,082 - __main__ - INFO - 
🔍 扫描 AAPL...
2026-02-10 17:46:03,102 - __main__ - WARNING -   ⚠️ 无法获取 AAPL 评分
2026-02-10 17:46:03,102 - __main__ - INFO - 
🔍 扫描 MSFT...
2026-02-10 17:46:03,121 - __main__ - WARNING -   ⚠️ 无法获取 MSFT 评分
2026-02-10 17:46:03,121 - __main__ - INFO - 
🔍 扫描 AVGO...
2026-02-10 17:46:03,140 - __main__ - WARNING -   ⚠️ 无法获取 AVGO 评分
2026-02-10 17:46:03,140 - __main__ - INFO - 
🔍 扫描 SMCI...
2026-02-10 17:46:03,159 - __main__ - WARNING -   ⚠️ 无法获取 SMCI 评分
2026-02-10 17:46:03,159 - __main__ - INFO - 
🔍 扫描 CRWV...
2026-02-10 17:46:03,178 - __main__ - WARNING -   ⚠️ 无法获取 CRWV 评分
2026-02-10 17:46:03,178 - __main__ - INFO - 
🔍 扫描 META...
2026-02-10 17:46:03,197 - __main__ - WARNING -   ⚠️ 无法获取 META 评分
2026-02-10 17:46:03,197 - __main__ - INFO - 
🔍 扫描 GOOGL...
2026-02-10 17:46:03,216 - __main__ - WARNING -   ⚠️ 无法获取 GOOGL 评分
2026-02-10 17:46:03,216 - __main__ - INFO - 
🔍 扫描 GFS...
2026-02-10 17:46:03,236 - __main__ - WARNING -   ⚠️ 无法获取 GFS 评分
2026-02-10 17:46:03,236 - __main__ - INFO - 
🔍 扫描 INTC...
2026-02-10 17:46:03,257 - __main__ - WARNING -   ⚠️ 无法获取 INTC 评分
2026-02-10 17:46:03,257 - __main__ - INFO - 
🔍 扫描 AMKR...
2026-02-10 17:46:03,276 - __main__ - WARNING -   ⚠️ 无法获取 AMKR 评分
2026-02-10 17:46:03,276 - __main__ - INFO - 
🔍 扫描 TSM...
2026-02-10 17:46:03,295 - __main__ - WARNING -   ⚠️ 无法获取 TSM 评分
2026-02-10 17:46:03,295 - __main__ - INFO - 
🔍 扫描 QCOM...
2026-02-10 17:46:03,315 - __main__ - WARNING -   ⚠️ 无法获取 QCOM 评分
2026-02-10 17:46:03,315 - __main__ - INFO - 
🛒 买入候选: 0只
2026-02-10 17:46:03,315 - __main__ - INFO - 
💸 卖出候选: 0只
2026-02-10 17:46:03,315 - __main__ - INFO - 
======================================================================
2026-02-10 17:46:03,315 - __main__ - INFO - ✅ 扫描完成
2026-02-10 17:46:03,315 - __main__ - INFO - ======================================================================
2026-02-10 17:46:03,315 - ib_insync.ib - INFO - Disconnecting from 127.0.0.1:7497, 710 B sent in 9 messages, 27.8 kB received in 597 messages, session time 1.00 s.
2026-02-10 17:46:03,315 - ib_insync.client - INFO - Disconnecting
2026-02-10 17:46:03,315 - __main__ - INFO - 👋 已断开连接
