================================================================================
🔄 投资蒸馏系统每日更新 - 2026-03-04 09:00:00
================================================================================

✅ 真实数据：61,638 个资产
✅ 报告已更新

📊 数据统计:
  - 总资产数：61,638
  - 早期机会：51,083
  - 上升趋势：3,057
  - 集体共识：7,498

================================================================================
================================================================================
🔄 投资蒸馏系统每日更新 - 2026-03-05 09:00:00
================================================================================

✅ 真实数据：61,638 个资产
✅ 报告已更新

📊 数据统计:
  - 总资产数：61,638
  - 早期机会：51,083
  - 上升趋势：3,057
  - 集体共识：7,498

================================================================================
================================================================================
🔄 投资蒸馏系统每日更新 - 2026-03-06 09:00:00
================================================================================

✅ 真实数据：61,638 个资产
✅ 报告已更新

📊 数据统计:
  - 总资产数：61,638
  - 早期机会：51,083
  - 上升趋势：3,057
  - 集体共识：7,498

================================================================================
================================================================================
🔄 投资蒸馏系统每日更新 - 2026-03-07 09:00:00
================================================================================

✅ 真实数据：61,638 个资产
✅ 报告已更新

📊 数据统计:
  - 总资产数：61,638
  - 早期机会：51,083
  - 上升趋势：3,057
  - 集体共识：7,498

================================================================================
================================================================================
🔄 投资蒸馏系统每日更新 - 2026-03-08 09:00:00
================================================================================

✅ 真实数据：61,638 个资产
✅ 报告已更新

📊 数据统计:
  - 总资产数：61,638
  - 早期机会：51,083
  - 上升趋势：3,057
  - 集体共识：7,498

================================================================================
/opt/homebrew/Cellar/python@3.14/3.14.2_1/Frameworks/Python.framework/Versions/3.14/Resources/Python.app/Contents/MacOS/Python: can't open file '/Users/fox/.openclaw/workspace/investment_distillation/daily_update.py': [Errno 2] No such file or directory
/opt/homebrew/Cellar/python@3.14/3.14.2_1/Frameworks/Python.framework/Versions/3.14/Resources/Python.app/Contents/MacOS/Python: can't open file '/Users/fox/.openclaw/workspace/investment_distillation/daily_update.py': [Errno 2] No such file or directory
