[2026-03-06 14:09:46] 🚀 开始自动部署...
[2026-03-06 14:09:46] =========================================
[2026-03-06 14:09:46] ✅ 没有未提交的更改
[2026-03-06 14:09:46] 📤 推送工作区到GitHub...
To github.com:jadrankaahmd-png/huajuan-showcase.git
 ! [rejected]        main -> main (non-fast-forward)
error: failed to push some refs to 'github.com:jadrankaahmd-png/huajuan-showcase.git'
hint: Updates were rejected because the tip of your current branch is behind
hint: its remote counterpart. If you want to integrate the remote changes,
hint: use 'git pull' before pushing again.
hint: See the 'Note about fast-forwards' in 'git push --help' for details.
[2026-03-06 14:09:50] 🌐 构建并部署网站...
[2026-03-06 14:09:50] 📤 推送网站到GitHub...
Everything up-to-date
[2026-03-06 14:09:51] ⏳ 等待Cloudflare Pages自动部署（约30秒）...
[2026-03-06 14:09:57] ✅ 自动部署完成！
[2026-03-06 14:09:57] 🌐 网站地址：https://huajuan-showcase.pages.dev/
[2026-03-06 14:09:57] =========================================
[2026-03-06 14:10:05] 🚀 开始自动部署...
[2026-03-06 14:10:05] =========================================
[2026-03-06 14:10:05] ✅ 没有未提交的更改
[2026-03-06 14:10:05] 📤 推送工作区到GitHub...
To github.com:jadrankaahmd-png/huajuan-showcase.git
 ! [rejected]        main -> main (non-fast-forward)
error: failed to push some refs to 'github.com:jadrankaahmd-png/huajuan-showcase.git'
hint: Updates were rejected because the tip of your current branch is behind
hint: its remote counterpart. If you want to integrate the remote changes,
hint: use 'git pull' before pushing again.
hint: See the 'Note about fast-forwards' in 'git push --help' for details.
[2026-03-06 14:10:09] 🌐 构建并部署网站...
[2026-03-06 14:10:09] 📤 推送网站到GitHub...
Everything up-to-date
[2026-03-06 14:10:10] ⏳ 等待Cloudflare Pages自动部署（约30秒）...
[2026-03-06 14:10:15] ✅ 自动部署完成！
[2026-03-06 14:10:15] 🌐 网站地址：https://huajuan-showcase.pages.dev/
[2026-03-06 14:10:15] =========================================
[2026-03-06 14:11:22] 🚀 开始自动部署...
[2026-03-06 14:11:22] =========================================
[2026-03-06 14:11:22] ✅ 没有未提交的更改
[2026-03-06 14:11:22] 📤 推送工作区到GitHub...
To github.com:jadrankaahmd-png/huajuan-showcase.git
 ! [rejected]        main -> main (non-fast-forward)
error: failed to push some refs to 'github.com:jadrankaahmd-png/huajuan-showcase.git'
hint: Updates were rejected because the tip of your current branch is behind
hint: its remote counterpart. If you want to integrate the remote changes,
hint: use 'git pull' before pushing again.
hint: See the 'Note about fast-forwards' in 'git push --help' for details.
[2026-03-06 14:11:25] 🌐 构建并部署网站...
[2026-03-06 14:11:25] 📤 推送网站到GitHub...
Everything up-to-date
[2026-03-06 14:11:26] ⏳ 等待Cloudflare Pages自动部署（约30秒）...
[2026-03-06 14:11:31] ✅ 自动部署完成！
[2026-03-06 14:11:31] 🌐 网站地址：https://huajuan-showcase.pages.dev/
[2026-03-06 14:11:31] =========================================
[2026-03-08 09:00] ✅ 投资蒸馏系统自动更新完成 - 61,638个资产（commit 495fa89）
